{"D:\\New folder\\Frontend\\NamasteReact\\foodDeliveryApp\\src\\components\\Contact.js": {"path":"D:\\New folder\\Frontend\\NamasteReact\\foodDeliveryApp\\src\\components\\Contact.js","statementMap":{"0":{"start":{"line":3,"column":16},"end":{"line":15,"column":1}},"1":{"start":{"line":4,"column":4},"end":{"line":14,"column":6}}},"fnMap":{"0":{"name":"(anonymous_0)","decl":{"start":{"line":3,"column":16},"end":{"line":3,"column":17}},"loc":{"start":{"line":3,"column":22},"end":{"line":15,"column":1}},"line":3}},"branchMap":{},"s":{"0":1,"1":1},"f":{"0":1},"b":{},"_coverageSchema":"1a1c01bbd47fc00a2c39e90264f33305004495a9","hash":"c0bb79f087e248bd451acd1a965489aaf561f08e"}
,"D:\\New folder\\Frontend\\NamasteReact\\foodDeliveryApp\\src\\components\\sum.js": {"path":"D:\\New folder\\Frontend\\NamasteReact\\foodDeliveryApp\\src\\components\\sum.js","statementMap":{"0":{"start":{"line":1,"column":19},"end":{"line":3,"column":1}},"1":{"start":{"line":2,"column":4},"end":{"line":2,"column":17}}},"fnMap":{"0":{"name":"(anonymous_0)","decl":{"start":{"line":1,"column":19},"end":{"line":1,"column":20}},"loc":{"start":{"line":1,"column":26},"end":{"line":3,"column":1}},"line":1}},"branchMap":{},"s":{"0":1,"1":1},"f":{"0":1},"b":{},"_coverageSchema":"1a1c01bbd47fc00a2c39e90264f33305004495a9","hash":"666be062665e7012bf9dd88aa57f2c9b1bda1a8c"}
}
